abaco 130
abbacchiato 10
abbacchiare 10
welcome 0
bolla 0
zolla 0
abbacinare 10
abaco 130
abbacchiamento 10
abaco 138
abbacchiato 10
bolla 0
abbacinare 10
abaco 138
welcome 0
abbacchiamento 10
abbacchiare 10
zolla 0
abaco 140
abbacinare 10
abbacchiato 10
zolla 0
welcome 0
abaco 140
abbacchiamento 10
abbacchiare 10
bolla 0
abbacinare 10
abbacchiare 10
abaco 139
bolla 0
zolla 0
abbacchiamento 10
abbacchiato 10
abaco 139
welcome 0
bolla 0
abbacchiare 10
zolla 0
welcome 0
abbacchiato 10
abaco 130
abbacinare 10
abbacchiamento 10
abaco 130
abaco 130
abbacchiato 10
zolla 0
welcome 0
abaco 130
bolla 0
abbacchiare 10
abbacinare 10
abbacchiamento 10
